生成启动时间为 2016/4/11 PM 4:52:07。
     1>项目“C:\Users\junyi\Documents\Visual Studio 2010\Projects\AssignmentOOP\Assignment1\AirWar_Demo\AirWarKinect\AirWarKinect.vcxproj”在节点 2 上(build 个目标)。
     1>InitializeBuildStatus:
         正在创建“Debug\AirWarKinect.unsuccessfulbuild”，因为已指定“AlwaysCreate”。
       ClCompile:
         C:\Program Files (x86)\Microsoft Visual Studio 10.0\VC\bin\CL.exe /c /ZI /nologo /W3 /WX- /Od /Oy- /D WIN32 /D _DEBUG /D _WINDOWS /D _UNICODE /D UNICODE /Gm /EHsc /RTC1 /MDd /GS /fp:precise /Zc:wchar_t /Zc:forScope /Fo"Debug\\" /Fd"Debug\vc100.pdb" /Gd /TP /analyze- /errorReport:prompt GameMain.cpp
         GameMain.cpp
       ResourceCompile:
         所有输出均为最新。
       ManifestResourceCompile:
         所有输出均为最新。
       Link:
         C:\Program Files (x86)\Microsoft Visual Studio 10.0\VC\bin\link.exe /ERRORREPORT:PROMPT /OUT:"C:\Users\junyi\Documents\Visual Studio 2010\Projects\AssignmentOOP\Assignment1\AirWar_Demo\Debug\AirWarKinect.exe" /INCREMENTAL /NOLOGO Kinect10.lib opencv_calib3d242d.lib opencv_contrib242d.lib opencv_core242d.lib opencv_features2d242d.lib opencv_gpu242d.lib opencv_haartraining_engined.lib opencv_highgui242d.lib opencv_imgproc242d.lib opencv_legacy242d.lib opencv_ml242d.lib opencv_objdetect242d.lib opencv_photo242d.lib opencv_stitching242d.lib opencv_ts242d.lib opencv_video242d.lib opencv_videostab242d.lib kernel32.lib user32.lib gdi32.lib winspool.lib comdlg32.lib advapi32.lib shell32.lib ole32.lib oleaut32.lib uuid.lib odbc32.lib odbccp32.lib /MANIFEST /ManifestFile:"Debug\AirWarKinect.exe.intermediate.manifest" /MANIFESTUAC:"level='asInvoker' uiAccess='false'" /DEBUG /PDB:"C:\Users\junyi\Documents\Visual Studio 2010\Projects\AssignmentOOP\Assignment1\AirWar_Demo\Debug\AirWarKinect.pdb" /SUBSYSTEM:WINDOWS /TLBID:1 /DYNAMICBASE /NXCOMPAT /IMPLIB:"C:\Users\junyi\Documents\Visual Studio 2010\Projects\AssignmentOOP\Assignment1\AirWar_Demo\Debug\AirWarKinect.lib" /MACHINE:X86 Debug\AirWarKinect.res
         Debug\AirWarKinect.exe.embed.manifest.res
         Debug\GameMain.obj
         Debug\GameObject.obj
         Debug\GameState.obj
         Debug\GestureControl.obj
         Debug\KinectSensor.obj
         Debug\UserInfo.obj
       Manifest:
         C:\Program Files (x86)\Microsoft SDKs\Windows\v7.0A\bin\mt.exe /nologo /verbose /out:"Debug\AirWarKinect.exe.embed.manifest" /manifest Debug\AirWarKinect.exe.intermediate.manifest
         所有输出均为最新。
       LinkEmbedManifest:
         所有输出均为最新。
         AirWarKinect.vcxproj -> C:\Users\junyi\Documents\Visual Studio 2010\Projects\AssignmentOOP\Assignment1\AirWar_Demo\Debug\AirWarKinect.exe
       FinalizeBuildStatus:
         正在删除文件“Debug\AirWarKinect.unsuccessfulbuild”。
         正在对“Debug\AirWarKinect.lastbuildstate”执行 Touch 任务。
     1>已完成生成项目“C:\Users\junyi\Documents\Visual Studio 2010\Projects\AssignmentOOP\Assignment1\AirWar_Demo\AirWarKinect\AirWarKinect.vcxproj”(build 个目标)的操作。

生成成功。

已用时间 00:00:11.22
